Begin initialization ...
Node 1 - Pushing... i = 200
Node 1 - Pushing... i = 201
Node 1 - Pushing... i = 202
Node 1 - Pushing... i = 203
Node 1 - Pushing... i = 204
Node 1 - Pushing... i = 205
Node 1 - Pushing... i = 206
Node 1 - Pushing... i = 207
Node 1 - Pushing... i = 208
Node 1 - Pushing... i = 209
Node 1 - Pushing... i = 210
Node 1 - Pushing... i = 211
Node 1 - Pushing... i = 212
Node 1 - Pushing... i = 213
Node 1 - Pushing... i = 214
Node 1 - Pushing... i = 215
Node 1 - Pushing... i = 216
Node 1 - Pushing... i = 217
Node 1 - Pushing... i = 218
Node 1 - Pushing... i = 219
Node 1 - Pushing... i = 220
Node 1 - Pushing... i = 221
Node 1 - Pushing... i = 222
Node 1 - Pushing... i = 223
Node 1 - Pushing... i = 224
Node 1 - Pushing... i = 225
Node 1 - Pushing... i = 226
Node 1 - Pushing... i = 227
Node 1 - Pushing... i = 228
Node 1 - Pushing... i = 229
Node 1 - Pushing... i = 230
Node 1 - Pushing... i = 231
Node 1 - Pushing... i = 232
Node 1 - Pushing... i = 233
Node 1 - Pushing... i = 234
Node 1 - Pushing... i = 235
Node 1 - Pushing... i = 236
Node 1 - Pushing... i = 237
Node 1 - Pushing... i = 238
Node 1 - Pushing... i = 239
Node 1 - Pushing... i = 240
Node 1 - Pushing... i = 241
Node 1 - Pushing... i = 242
Node 1 - Pushing... i = 243
Node 1 - Pushing... i = 244
Node 1 - Pushing... i = 245
Node 1 - Pushing... i = 246
Node 1 - Pushing... i = 247
Node 1 - Pushing... i = 248
Node 1 - Pushing... i = 249
Node 1 - Pushing... i = 250
Node Node 1 - Pushing... i = 251
Node 1 - Pushing... i = 252
0Node 1 - Pushing... i =  - Pushing... i = 253
0
Node 1Node 0 - Pushing... i = 1
Node 0 - Pushing... i = 2
Node 0 - Pushing... i = 3
Node 0 - Pushing... i = 4
Node 0 - Pushing... i = 5
Node 0 - Pushing... i = 6
Node  - Pushing... i = 0 - Pushing... i = 2547

Node 1 - Pushing... i = 255
Node 1 - Pushing... i = 256
Node 1 - Pushing... i = 257
Node 1 - Pushing... i = 258
Node 0 - Pushing... i = 8
Node 0 - Pushing... i = 9
Node 0 - Pushing... i = 10
Node 0 - Pushing... i = 11
Node 0 - Pushing... i = 12
Node 0 - Pushing... i = 13
Node 0 - Pushing... i = 14
Node 0 - Pushing... i = 15
Node 0 - Pushing... i = 16
Node 0 - Pushing... i = 17
Node 0 - Pushing... i = 18
Node 0 - Pushing... i = 19
Node 0 - Pushing... i = 20
Node 0 - Pushing... i = 21
Node 0 - Pushing... i = 22
Node 0 - Pushing... i = 23
Node 0 - Pushing... i = 24
Node 0 - Pushing... i = 25
Node 0 - Pushing... i = 26
Node 0 - Pushing... i = 27
Node 0 - Pushing... i = 28
Node 0 - Pushing... i = Node 291
Node 0 - Pushing... i = 30
Node 0 - Pushing... i = 31
Node 0 - Pushing... i = 32
Node 0 - Pushing... i = 33
Node 0 - Pushing... i = 34
Node 0 - Pushing... i = 35
Node 0 - Pushing... i = 36
Node 0 - Pushing... i = 37
Node 0 - Pushing... i = 38
Node 0 - Pushing... i = 39
Node 0 - Pushing... i = 40
Node 0 - Pushing... i = 41
Node 0 - Pushing... i = 42
Node 0 - Pushing... i = 43
Node 0 - Pushing... i = 44
Node 0 - Pushing... i = 45
Node 0 - Pushing... i = 46
Node 0 - Pushing... i = 47
Node 0 - Pushing... i = 48
Node 0 - Pushing... i = 49
Node 0 - Pushing... i = 50
 - Pushing... i = Node 0259 - Pushing... i = 51

Node 0 - Pushing... i = Node 1 - Pushing... i = 260
Node 1 - Pushing... i = 261
Node 1 - Pushing... i = 262
Node 1 - Pushing... i = 263
52Node 
1Node 0 - Pushing... i = 53
Node 0 - Pushing... i = 54
Node 0 - Pushing... i = 55
Node 0 - Pushing... i = 56
Node 0 - Pushing... i = 57
Node 0 - Pushing... i = 58
 - Pushing... i = Node 2640
Node 1 - Pushing... i = 265
Node 1 - Pushing... i = 266
Node 1 - Pushing... i = 267
Node 1 - Pushing... i = 268
Node 1 - Pushing... i = 269
Node 1 - Pushing... i = 270
Node 1 - Pushing... i = 271
Node 1 - Pushing... i = 272
Node 1 - Pushing... i = 273
Node 1 - Pushing... i = 274
Node 1 - Pushing... i = 275
Node 1 - Pushing... i = 276
Node 1 - Pushing... i = 277
Node 1 - Pushing... i = 278
Node 1 - Pushing... i = 279
Node 1 - Pushing... i = 280
Node 1 - Pushing... i = 281
Node 1 - Pushing... i = 282
Node 1 - Pushing... i = 283 - Pushing... i = 
59Node 
1 - Pushing... i = Node 0 - Pushing... i = 60
Node 0 - Pushing... i = 61
Node 0 - Pushing... i = 62
Node 0 - Pushing... i = 63
284Node 
Node 1 - Pushing... i = 285
Node 1 - Pushing... i = 286
Node 1 - Pushing... i = 287
Node 1 - Pushing... i = 288
Node 1 - Pushing... i = 289
Node 1 - Pushing... i = 290
0Node  - Pushing... i = 164
Node 0 - Pushing... i = 65
Node 0 - Pushing... i = 66
Node 0 - Pushing... i = 67
Node 0 - Pushing... i =  - Pushing... i = 68291

Node 0 - Pushing... i = 69
Node 0 - Pushing... i = 70
Node 0 - Pushing... i = 71
Node 0 - Pushing... i = 72
Node 0 - Pushing... i = 73
Node 0 - Pushing... i = 74
Node 0 - Pushing... i = 75
Node 0 - Pushing... i = 76
Node 0 - Pushing... i = 77
Node 0 - Pushing... i = 78
Node 0 - Pushing... i = 79Node 
1Node 0 - Pushing... i = 80
Node 0 - Pushing... i = 81
Node 0 - Pushing... i = 82
Node 0 - Pushing... i = 83
 - Pushing... i = Node 2920
 - Pushing... i = Node 1 - Pushing... i = 293
Node 1 - Pushing... i = 294
Node 1 - Pushing... i = 295
Node 1 - Pushing... i = 296
Node 1 - Pushing... i = 297
Node 1 - Pushing... i = 298
Node 1 - Pushing... i = 299
Node 1 - Pushing... i = 300
Node 1 - Pushing... i = 301
Node 1 - Pushing... i = 302
Node 1 - Pushing... i = 303
Node 1 - Pushing... i = 304
Node 1 - Pushing... i = 305
Node 1 - Pushing... i = 306
Node 1 - Pushing... i = 307
Node 1 - Pushing... i = 308
84
Node Node 0 - Pushing... i = 85
Node 0 - Pushing... i = 86
Node 0 - Pushing... i = 87
Node 0 - Pushing... i = 88
Node 0 - Pushing... i = 89
Node 0 - Pushing... i = 190 - Pushing... i = 
309Node 0 - Pushing... i = 91
Node 0 - Pushing... i = 92
Node 0 - Pushing... i = 93
Node 0 - Pushing... i = 94
Node 0
 - Pushing... i = 95
Node 0 - Pushing... i = 96
Node 0 - Pushing... i = 97
Node 0 - Pushing... i = 98
Node 0 - Pushing... i = 99Node 1 - Pushing... i = 310
Node 1 - Pushing... i = 311
Node 1 - Pushing... i = 312
Node 1 - Pushing... i = 313

Node 1 - Pushing... i = 314
Node 0 - Pushing... i = 100
Node 0 - Pushing... i = 101
Node 0 - Pushing... i = 102
Node 0 - Pushing... i = 103
Node 0 - Pushing... i = Node 1 - Pushing... i = 315
Node 1 - Pushing... i = 316
Node 1 - Pushing... i = 317
Node 1 - Pushing... i = 318
104
Node Node 0 - Pushing... i = 105
Node 0 - Pushing... i = 106
Node 0 - Pushing... i = 107
Node 0 - Pushing... i = 108
Node 0 - Pushing... i = 1091
Node 0 - Pushing... i = 110
Node 0 - Pushing... i = 111
Node 0 - Pushing... i = 112
Node 0 - Pushing... i = 113
Node  - Pushing... i = 0 - Pushing... i = 114
Node 0 - Pushing... i = 115
Node 0 - Pushing... i = 116
Node 0 - Pushing... i = 117
Node 0 - Pushing... i = 319118

Node 1 - Pushing... i = 320
Node 1 - Pushing... i = 321
Node 1 - Pushing... i = 322
Node 1 - Pushing... i = Node 0 - Pushing... i = 119
Node 0 - Pushing... i = 120
323Node 0 - Pushing... i = 
121
Node 1 - Pushing... i = 324
Node 1 - Pushing... i = 325
Node 1 - Pushing... i = 326
Node 1 - Pushing... i = 327
Node 1 - Pushing... i = 328
Node 1 - Pushing... i = 329
Node 1 - Pushing... i = 330
Node 1 - Pushing... i = 331
Node 1 - Pushing... i = 332
Node 1 - Pushing... i = 333
Node 1 - Pushing... i = 334
Node 1 - Pushing... i = 335
Node 1 - Pushing... i = 336
Node Node 1 - Pushing... i = 337
0Node 1 - Pushing... i = 338
Node 1 - Pushing... i = 339
Node 1 - Pushing... i = 340
Node 1 - Pushing... i = 341
Node 1 - Pushing... i = 342
Node 1 - Pushing... i = 343
Node 1 - Pushing... i = 344
Node 1 - Pushing... i = 345
Node 1 - Pushing... i = 346
Node 1 - Pushing... i = 347
 - Pushing... i = Node 1122 - Pushing... i = 
Node 0 - Pushing... i = 123
Node 0 - Pushing... i = 124
Node 0 - Pushing... i = 125
Node 0 - Pushing... i = 126
Node 0 - Pushing... i = 127
Node 0 - Pushing... i = 128
Node 0 - Pushing... i = 129
Node 0 - Pushing... i = 130
Node 0348 - Pushing... i = 
131Node 1 - Pushing... i = 349
Node 1 - Pushing... i = 350
Node 1 - Pushing... i = 351
Node 1 - Pushing... i = 352
Node 1 - Pushing... i = 353
Node 1 - Pushing... i = 354
Node 1 - Pushing... i = 355
Node 1 - Pushing... i = 356

Node 1 - Pushing... i = Node 0 - Pushing... i = 132
Node 0 - Pushing... i = 133
Node 0 - Pushing... i = 134
Node 0 - Pushing... i = 135
357Node 
0 - Pushing... i = 136Node 1 - Pushing... i = 358
Node 1 - Pushing... i = 359
Node 1 - Pushing... i = 
360Node 0 - Pushing... i = 137
Node 0 - Pushing... i = 138
Node 0 - Pushing... i = 139
Node 0 - Pushing... i = 140
Node 0 - Pushing... i = 141
Node 0 - Pushing... i = 142
Node 0 - Pushing... i = 143
Node 0 - Pushing... i = 144
Node 
0 - Pushing... i = 145
Node 0 - Pushing... i = 146
Node 0 - Pushing... i = 147
Node 0 - Pushing... i = 148
Node 0 - Pushing... i = 149
Node 0 - Pushing... i = 150
Node 0 - Pushing... i = 151
Node 0 - Pushing... i = 152
Node 0 - Pushing... i = 153
Node 0 - Pushing... i = 154
Node 0 - Pushing... i = 155
Node 0 - Pushing... i = 156
Node 0 - Pushing... i = 157
Node 0 - Pushing... i = 158
Node 0 - Pushing... i = Node 159
1Node 0 - Pushing... i = 160
Node 0 - Pushing... i = 161
Node 0 - Pushing... i = 162
Node 0 - Pushing... i = 163
 - Pushing... i = Node 361
Node 1 - Pushing... i = 362
Node 1 - Pushing... i = 363
Node 1 - Pushing... i = 364
Node 1 - Pushing... i = 365
Node 1 - Pushing... i = 366
Node 1 - Pushing... i = 367
Node 1 - Pushing... i = 368
0Node  - Pushing... i = 1164 - Pushing... i = 
Node 0 - Pushing... i = 165
Node 0 - Pushing... i = 166
Node 0 - Pushing... i = 167
Node 0 - Pushing... i = 369168

Node 1 - Pushing... i = 370
Node 1 - Pushing... i = 371
Node 1 - Pushing... i = 372
Node 1 - Pushing... i = Node 0 - Pushing... i = 169
Node 0 - Pushing... i = 170
Node 0 - Pushing... i = 171
Node 0 - Pushing... i = 172
Node 0 - Pushing... i = 173
Node 0 - Pushing... i = 174
Node 0 - Pushing... i = 175
Node 0 - Pushing... i = 176
Node 0 - Pushing... i = 177
Node 0 - Pushing... i = 178
Node 0 - Pushing... i = 179
Node 0 - Pushing... i = 180
Node 0 - Pushing... i = 181
Node 0 - Pushing... i = 182
Node 0 - Pushing... i = 183
Node 0 - Pushing... i = 184
Node 0 - Pushing... i = 185
373Node 
0Node 1 - Pushing... i = 374
Node 1 - Pushing... i = 375
 - Pushing... i = Node 1861
Node 0 - Pushing... i = 187
Node 0 - Pushing... i = 188
Node 0 - Pushing... i = 189
Node 0 - Pushing... i = 190 - Pushing... i = 
Node 0 - Pushing... i = 191
Node 0 - Pushing... i = 192
Node 0 - Pushing... i = 193
376Node 
Node 1 - Pushing... i = 377
Node 1 - Pushing... i = 378
Node 1 - Pushing... i = 379
Node 1 - Pushing... i = 3800
 - Pushing... i = Node 1 - Pushing... i = 381
Node 1 - Pushing... i = 382
Node 1 - Pushing... i = 383
Node 1 - Pushing... i = 384
Node 1 - Pushing... i = 385
Node 1941
 - Pushing... i = Node 0 - Pushing... i = 195
Node 0 - Pushing... i = 196
Node 0 - Pushing... i = 197
Node 0 - Pushing... i = 198
Node 0 - Pushing... i = 199
386
Node 1 - Pushing... i = 387
Node 1 - Pushing... i = 388
Node 1 - Pushing... i = 389
Node 1 - Pushing... i = 390
Node 1 - Pushing... i = 391
Node 1 - Pushing... i = 392
Node 1 - Pushing... i = 393
Node 1 - Pushing... i = 394
Node 1 - Pushing... i = 395
Node 1 - Pushing... i = 396
Node 1 - Pushing... i = 397
Node 1 - Pushing... i = 398
Node 1 - Pushing... i = 399
Finish initialization
Thread 0:
Node 0 - Error : Popping... i = 0
Node 0 - Error : Popping... i = 1
Node 0 - Error : Popping... i = 2
Node 0 - Error : Popping... i = 3
Node 0 - Error : Popping... i = 4
Node 0 - Error : Popping... i = 5
Node 0 - Error : Popping... i = 6
Node 0 - Error : Popping... i = 7
Node 0 - Error : Popping... i = 8
Node 0 - Error : Popping... i = 9
Node 0 - Error : Popping... i = 10
Node 0 - Error : Popping... i = 11
Node 0 - Error : Popping... i = 12
Node 0 - Error : Popping... i = 13
Node 0 - Error : Popping... i = 14
Node 0 - Error : Popping... i = 15
Node 0 - Error : Popping... i = 16
Node 0 - Error : Popping... i = 17
Node 0 - Error : Popping... i = 18
Node 0 - Error : Popping... i = 19
Node 0 - Error : Popping... i = 20
Node 0 - Error : Popping... i = 21
Node 0 - Error : Popping... i = 22
Node 0 - Error : Popping... i = 23
Node 0 - Error : Popping... i = 24
Node 0 - Error : Popping... i = 25
Node 0 - Error : Popping... i = 26
Node 0 - Error : Popping... i = 27
Node 0 - Error : Popping... i = 28
Node 0 - Error : Popping... i = 29
Node 0 - Error : Popping... i = 30
Node 0 - Error : Popping... i = 31
Node 0 - Error : Popping... i = 32
Node 0 - Error : Popping... i = 33
Node 0 - Error : Popping... i = 34
Node 0 - Error : Popping... i = 35
Node 0 - Error : Popping... i = 36
Node 0 - Error : Popping... i = 37
Node 0 - Error : Popping... i = 38
Node 0 - Error : Popping... i = 39
Node 0 - Error : Popping... i = 40
Node 0 - Error : Popping... i = 41
Node 0 - Error : Popping... i = 42
Node 0 - Error : Popping... i = 43
Node 0 - Error : Popping... i = 44
Node 0 - Error : Popping... i = 45
Node 0 - Error : Popping... i = 46
Node 0 - Error : Popping... i = 47
Node 0 - Error : Popping... i = 48
Node 0 - Error : Popping... i = 49
Node 0 - Error : Popping... i = 50
Node 0 - Error : Popping... i = 51
Node 0 - Error : Popping... i = 52
Node 0 - Error : Popping... i = 53
Node 0 - Error : Popping... i = 54
Node 0 - Error : Popping... i = 55
Node 0 - Error : Popping... i = 56
Node 0 - Error : Popping... i = 57
Node 0 - Error : Popping... i = 58
Node 0 - Error : Popping... i = 59
Node 0 - Error : Popping... i = 60
Node 0 - Error : Popping... i = 61
Node 0 - Error : Popping... i = 62
Node 0 - Error : Popping... i = 63
Node 0 - Error : Popping... i = 64
Node 0 - Error : Popping... i = 65
Node 0 - Error : Popping... i = 66
Node 0 - Error : Popping... i = 67
Node 0 - Error : Popping... i = 68
Node 0 - Error : Popping... i = 69
Node 0 - Error : Popping... i = 70
Node 0 - Error : Popping... i = 71
Node 0 - Error : Popping... i = 72
Node 0 - Error : Popping... i = 73
Node 0 - Error : Popping... i = 74
Node 0 - Error : Popping... i = 75
Node 0 - Error : Popping... i = 76
Node 0 - Error : Popping... i = 77
Node 0 - Error : Popping... i = 78
Node 0 - Error : Popping... i = 79
Node 0 - Error : Popping... i = 80
Node 0 - Error : Popping... i = 81
Node 0 - Error : Popping... i = 82
Node 0 - Error : Popping... i = 83
Node 0 - Error : Popping... i = 84
Node 0 - Error : Popping... i = 85
Node 0 - Error : Popping... i = 86
Node 0 - Error : Popping... i = 87
Node 0 - Error : Popping... i = 88
Node 0 - Error : Popping... i = 89
Node 0 - Error : Popping... i = 90
Node 0 - Error : Popping... i = 91
Node 0 - Error : Popping... i = 92
Node 0 - Error : Popping... i = 93
Node 0 - Error : Popping... i = 94
Node 0 - Error : Popping... i = 95
Node 0 - Error : Popping... i = 96
Node 0 - Error : Popping... i = 97
Node 0 - Error : Popping... i = 98
Node 0 - Error : Popping... i = 99
Node 0 - Error : Popping... i = 100
Node 0 - Error : Popping... i = 101
Node 0 - Error : Popping... i = 102
Node 0 - Error : Popping... i = 103
Node 0 - Error : Popping... i = 104
Node 0 - Error : Popping... i = 105
Node 0 - Error : Popping... i = 106
Node 0 - Error : Popping... i = 107
Node 0 - Error : Popping... i = 108
Node 0 - Error : Popping... i = 109
Node 0 - Error : Popping... i = 110
Node 0 - Error : Popping... i = 111
Node 0 - Error : Popping... i = 112
Node 0 - Error : Popping... i = 113
Node 0 - Error : Popping... i = 114
Node 0 - Error : Popping... i = 115
Node 0 - Error : Popping... i = 116
Node 0 - Error : Popping... i = 117
Node 0 - Error : Popping... i = 118
Node 0 - Error : Popping... i = 119
Node 0 - Error : Popping... i = 120
Node 0 - Error : Popping... i = 121
Node 0 - Error : Popping... i = 122
Node 0 - Error : Popping... i = 123
Node 0 - Error : Popping... i = 124
Node 0 - Error : Popping... i = 125
Node 0 - Error : Popping... i = 126
Node 0 - Error : Popping... i = 127
Node 0 - Error : Popping... i = 128
Node 0 - Error : Popping... i = 129
Node 0 - Error : Popping... i = 130
Node 0 - Error : Popping... i = 131
Node 0 - Error : Popping... i = 132
Node 0 - Error : Popping... i = 133
Node 0 - Error : Popping... i = 134
Node 0 - Error : Popping... i = 135
Node 0 - Error : Popping... i = 136
Node 0 - Error : Popping... i = 137
Node 0 - Error : Popping... i = 138
Node 0 - Error : Popping... i = 139
Node 0 - Error : Popping... i = 140
Node 0 - Error : Popping... i = 141
Node 0 - Error : Popping... i = 142
Node 0 - Error : Popping... i = 143
Node 0 - Error : Popping... i = 144
Node 0 - Error : Popping... i = 145
Node 0 - Error : Popping... i = 146
Node 0 - Error : Popping... i = 147
Node 0 - Error : Popping... i = 148
Node 0 - Error : Popping... i = 149
Node 0 - Error : Popping... i = 150
Node 0 - Error : Popping... i = 151
Node 0 - Error : Popping... i = 152
Node 0 - Error : Popping... i = 153
Node 0 - Error : Popping... i = 154
Node 0 - Error : Popping... i = 155
Node 0 - Error : Popping... i = 156
Node 0 - Error : Popping... i = 157
Node 0 - Error : Popping... i = 158
Node 0 - Error : Popping... i = 159
Node 0 - Error : Popping... i = 160
Node 0 - Error : Popping... i = 161
Node 0 - Error : Popping... i = 162
Node 0 - Error : Popping... i = 163
Node 0 - Error : Popping... i = 164
Node 0 - Error : Popping... i = 165
Node 0 - Error : Popping... i = 166
Node 0 - Error : Popping... i = 167
Node 0 - Error : Popping... i = 168
Node 0 - Error : Popping... i = 169
Node 0 - Error : Popping... i = 170
Node 0 - Error : Popping... i = 171
Node 0 - Error : Popping... i = 172
Node 0 - Error : Popping... i = 173
Node 0 - Error : Popping... i = 174
Node 0 - Error : Popping... i = 175
Node 0 - Error : Popping... i = 176
Node 0 - Error : Popping... i = 177
Node 0 - Error : Popping... i = 178
Node 0 - Error : Popping... i = 179
Node 0 - Error : Popping... i = 180
Node 0 - Error : Popping... i = 181
Node 0 - Error : Popping... i = 182
Node 0 - Error : Popping... i = 183
Node 0 - Error : Popping... i = 184
Node 0 - Error : Popping... i = 185
Node 0 - Error : Popping... i = 186
Node 0 - Error : Popping... i = 187
Node 0 - Error : Popping... i = 188
Node 0 - Error : Popping... i = 189
Node 0 - Error : Popping... i = 190
Node 0 - Error : Popping... i = 191
Node 0 - Error : Popping... i = 192
Node 0 - Error : Popping... i = 193
Node 0 - Error : Popping... i = 194
Node 0 - Error : Popping... i = 195
Node 0 - Error : Popping... i = 196
Node 0 - Error : Popping... i = 197
Node 0 - Error : Popping... i = 198
Node 0 - Error : Popping... i = 199
Node 0 <-> Node 0 :Elapsed time1: 2053195 microseconds
Node 0 - Error : Popping... i = 200
Node 0 - Error : Popping... i = 201
Node 0 - Error : Popping... i = 202
Node 0 - Error : Popping... i = 203
Node 0 - Error : Popping... i = 204
Node 0 - Error : Popping... i = 205
Node 0 - Error : Popping... i = 206
Node 0 - Error : Popping... i = 207
Node 0 - Error : Popping... i = 208
Node 0 - Error : Popping... i = 209
Node 0 - Error : Popping... i = 210
Node 0 - Error : Popping... i = 211
Node 0 - Error : Popping... i = 212
Node 0 - Error : Popping... i = 213
Node 0 - Error : Popping... i = 214
Node 0 - Error : Popping... i = 215
Node 0 - Error : Popping... i = 216
Node 0 - Error : Popping... i = 217
Node 0 - Error : Popping... i = 218
Node 0 - Error : Popping... i = 219
Node 0 - Error : Popping... i = 220
Node 0 - Error : Popping... i = 221
Node 0 - Error : Popping... i = 222
Node 0 - Error : Popping... i = 223
Node 0 - Error : Popping... i = 224
Node 0 - Error : Popping... i = 225
Node 0 - Error : Popping... i = 226
Node 0 - Error : Popping... i = 227
Node 0 - Error : Popping... i = 228
Node 0 - Error : Popping... i = 229
Node 0 - Error : Popping... i = 230
Node 0 - Error : Popping... i = 231
Node 0 - Error : Popping... i = 232
Node 0 - Error : Popping... i = 233
Node 0 - Error : Popping... i = 234
Node 0 - Error : Popping... i = 235
Node 0 - Error : Popping... i = 236
Node 0 - Error : Popping... i = 237
Node 0 - Error : Popping... i = 238
Node 0 - Error : Popping... i = 239
Node 0 - Error : Popping... i = 240
Node 0 - Error : Popping... i = 241
Node 0 - Error : Popping... i = 242
Node 0 - Error : Popping... i = 243
Node 0 - Error : Popping... i = 244
Node 0 - Error : Popping... i = 245
Node 0 - Error : Popping... i = 246
Node 0 - Error : Popping... i = 247
Node 0 - Error : Popping... i = 248
Node 0 - Error : Popping... i = 249
Node 0 - Error : Popping... i = 250
Node 0 - Error : Popping... i = 251
Node 0 - Error : Popping... i = 252
Node 0 - Error : Popping... i = 253
Node 0 - Error : Popping... i = 254
Node 0 - Error : Popping... i = 255
Node 0 - Error : Popping... i = 256
Node 0 - Error : Popping... i = 257
Node 0 - Error : Popping... i = 258
Node 0 - Error : Popping... i = 259
Node 0 - Error : Popping... i = 260
Node 0 - Error : Popping... i = 261
Node 0 - Error : Popping... i = 262
Node 0 - Error : Popping... i = 263
Node 0 - Error : Popping... i = 264
Node 0 - Error : Popping... i = 265
Node 0 - Error : Popping... i = 266
Node 0 - Error : Popping... i = 267
Node 0 - Error : Popping... i = 268
Node 0 - Error : Popping... i = 269
Node 0 - Error : Popping... i = 270
Node 0 - Error : Popping... i = 271
Node 0 - Error : Popping... i = 272
Node 0 - Error : Popping... i = 273
Node 0 - Error : Popping... i = 274
Node 0 - Error : Popping... i = 275
Node 0 - Error : Popping... i = 276
Node 0 - Error : Popping... i = 277
Node 0 - Error : Popping... i = 278
Node 0 - Error : Popping... i = 279
Node 0 - Error : Popping... i = 280
Node 0 - Error : Popping... i = 281
Node 0 - Error : Popping... i = 282
Node 0 - Error : Popping... i = 283
Node 0 - Error : Popping... i = 284
Node 0 - Error : Popping... i = 285
Node 0 - Error : Popping... i = 286
Node 0 - Error : Popping... i = 287
Node 0 - Error : Popping... i = 288
Node 0 - Error : Popping... i = 289
Node 0 - Error : Popping... i = 290
Node 0 - Error : Popping... i = 291
Node 0 - Error : Popping... i = 292
Node 0 - Error : Popping... i = 293
Node 0 - Error : Popping... i = 294
Node 0 - Error : Popping... i = 295
Node 0 - Error : Popping... i = 296
Node 0 - Error : Popping... i = 297
Node 0 - Error : Popping... i = 298
Node 0 - Error : Popping... i = 299
Node 0 - Error : Popping... i = 300
Node 0 - Error : Popping... i = 301
Node 0 - Error : Popping... i = 302
Node 0 - Error : Popping... i = 303
Node 0 - Error : Popping... i = 304
Node 0 - Error : Popping... i = 305
Node 0 - Error : Popping... i = 306
Node 0 - Error : Popping... i = 307
Node 0 - Error : Popping... i = 308
Node 0 - Error : Popping... i = 309
Node 0 - Error : Popping... i = 310
Node 0 - Error : Popping... i = 311
Node 0 - Error : Popping... i = 312
Node 0 - Error : Popping... i = 313
Node 0 - Error : Popping... i = 314
Node 0 - Error : Popping... i = 315
Node 0 - Error : Popping... i = 316
Node 0 - Error : Popping... i = 317
Node 0 - Error : Popping... i = 318
Node 0 - Error : Popping... i = 319
Node 0 - Error : Popping... i = 320
Node 0 - Error : Popping... i = 321
Node 0 - Error : Popping... i = 322
Node 0 - Error : Popping... i = 323
Node 0 - Error : Popping... i = 324
Node 0 - Error : Popping... i = 325
Node 0 - Error : Popping... i = 326
Node 0 - Error : Popping... i = 327
Node 0 - Error : Popping... i = 328
Node 0 - Error : Popping... i = 329
Node 0 - Error : Popping... i = 330
Node 0 - Error : Popping... i = 331
Node 0 - Error : Popping... i = 332
Node 0 - Error : Popping... i = 333
Node 0 - Error : Popping... i = 334
Node 0 - Error : Popping... i = 335
Node 0 - Error : Popping... i = 336
Node 0 - Error : Popping... i = 337
Node 0 - Error : Popping... i = 338
Node 0 - Error : Popping... i = 339
Node 0 - Error : Popping... i = 340
Node 0 - Error : Popping... i = 341
Node 0 - Error : Popping... i = 342
Node 0 - Error : Popping... i = 343
Node 0 - Error : Popping... i = 344
Node 0 - Error : Popping... i = 345
Node 0 - Error : Popping... i = 346
Node 0 - Error : Popping... i = 347
Node 0 - Error : Popping... i = 348
Node 0 - Error : Popping... i = 349
Node 0 - Error : Popping... i = 350
Node 0 - Error : Popping... i = 351
Node 0 - Error : Popping... i = 352
Node 0 - Error : Popping... i = 353
Node 0 - Error : Popping... i = 354
Node 0 - Error : Popping... i = 355
Node 0 - Error : Popping... i = 356
Node 0 - Error : Popping... i = 357
Node 0 - Error : Popping... i = 358
Node 0 - Error : Popping... i = 359
Node 0 - Error : Popping... i = 360
Node 0 - Error : Popping... i = 361
Node 0 - Error : Popping... i = 362
Node 0 - Error : Popping... i = 363
Node 0 - Error : Popping... i = 364
Node 0 - Error : Popping... i = 365
Node 0 - Error : Popping... i = 366
Node 0 - Error : Popping... i = 367
Node 0 - Error : Popping... i = 368
Node 0 - Error : Popping... i = 369
Node 0 - Error : Popping... i = 370
Node 0 - Error : Popping... i = 371
Node 0 - Error : Popping... i = 372
Node 0 - Error : Popping... i = 373
Node 0 - Error : Popping... i = 374
Node 0 - Error : Popping... i = 375
Node 0 - Error : Popping... i = 376
Node 0 - Error : Popping... i = 377
Node 0 - Error : Popping... i = 378
Node 0 - Error : Popping... i = 379
Node 0 - Error : Popping... i = 380
Node 0 - Error : Popping... i = 381
Node 0 - Error : Popping... i = 382
Node 0 - Error : Popping... i = 383
Node 0 - Error : Popping... i = 384
Node 0 - Error : Popping... i = 385
Node 0 - Error : Popping... i = 386
Node 0 - Error : Popping... i = 387
Node 0 - Error : Popping... i = 388
Node 0 - Error : Popping... i = 389
Node 0 - Error : Popping... i = 390
Node 0 - Error : Popping... i = 391
Node 0 - Error : Popping... i = 392
Node 0 - Error : Popping... i = 393
Node 0 - Error : Popping... i = 394
Node 0 - Error : Popping... i = 395
Node 0 - Error : Popping... i = 396
Node 0 - Error : Popping... i = 397
Node 0 - Error : Popping... i = 398
Node 0 - Error : Popping... i = 399
Node 0 <-> Node 1 :Elapsed time2: 2052139 microseconds
Node 0 popped...
Begin initialization again ...
Node 1 - Pushing... i = 200
Node 1 - Pushing... i = 201
Node 1 - Pushing... i = 202
Node 1 - Pushing... i = 203
Node 1 - Pushing... i = 204
Node 1 - Pushing... i = 205
Node 1 - Pushing... i = 206
Node 1 - Pushing... i = 207
Node 1 - Pushing... i = 208
Node 1 - Pushing... i = 209
Node Node 1 - Pushing... i = 210
0Node 1 - Pushing... i =  - Pushing... i = 2110
Node 1 - Pushing... i = 212
Node 1 - Pushing... i = 213
Node 1 - Pushing... i = 214
Node 1 - Pushing... i = 215
Node 1 - Pushing... i = 216
Node 1
 - Pushing... i = Node 217
0Node  - Pushing... i = 11 - Pushing... i = 
218Node 0 - Pushing... i = 2
Node 0 - Pushing... i = 3
Node 0 - Pushing... i = 4
Node 0 - Pushing... i = 5
Node 0 - Pushing... i = 6
Node 0 - Pushing... i = 7
Node 0 - Pushing... i = 8
Node 0 - Pushing... i = 
9Node 1 - Pushing... i = 219
Node 1 - Pushing... i = 220
Node 1 - Pushing... i = 221
Node 1 - Pushing... i = 222
Node 1 - Pushing... i = 223
Node 1 - Pushing... i = 224
Node 1 - Pushing... i = 225
Node 1 - Pushing... i = 226
Node 1 - Pushing... i = 227

Node 1 - Pushing... i = 228
Node 1 - Pushing... i = 229
Node 1 - Pushing... i = 230
Node 1 - Pushing... i = 231
Node 1 - Pushing... i = 232
Node 1 - Pushing... i = 233
Node Node 1 - Pushing... i = 0234
Node 1 - Pushing... i = 235
Node 1 - Pushing... i = 236
Node 1 - Pushing... i = 237
 - Pushing... i = Node 1 - Pushing... i = 23810

Node 1 - Pushing... i = 239
Node 1 - Pushing... i = 240
Node 1 - Pushing... i = 241
Node 1 - Pushing... i = 242
Node 1 - Pushing... i = 243
Node 1 - Pushing... i = 244
Node 1 - Pushing... i = 245
Node 1 - Pushing... i = 246
Node 1 - Pushing... i = 247
Node 1 - Pushing... i = 248
Node 1 - Pushing... i = 249
Node 1 - Pushing... i = 250
Node 1 - Pushing... i = 251
Node Node 01 - Pushing... i =  - Pushing... i = 11252

Node 0 - Pushing... i = 12
Node 0 - Pushing... i = 13
Node 0 - Pushing... i = 14
Node 0 - Pushing... i = 15
Node 0 - Pushing... i = 16
Node 0 - Pushing... i = 17
Node 0 - Pushing... i = 18
Node 0 - Pushing... i = 19
Node 0 - Pushing... i = 20
Node 0 - Pushing... i = 21
Node 0 - Pushing... i = 22
Node 0 - Pushing... i = 23
Node 0 - Pushing... i = 24
Node 0 - Pushing... i = 25
Node 0 - Pushing... i = 26
Node 0 - Pushing... i = 27
Node Node 1 - Pushing... i = 253
Node 1 - Pushing... i = 254
Node 1 - Pushing... i = 255
Node 1 - Pushing... i = 256
Node 01 - Pushing... i = 257 - Pushing... i = 
28Node 
1Node 0 - Pushing... i = 29
Node 0 - Pushing... i = 30
Node 0 - Pushing... i = 31
Node 0 - Pushing... i = 32
Node 0 - Pushing... i = 33
Node 0 - Pushing... i = 34
Node 0 - Pushing... i = 35 - Pushing... i = 
258Node 0 - Pushing... i = 36
Node 0 - Pushing... i = 37
Node 0 - Pushing... i = 38
Node 0 - Pushing... i = 39
Node 0 - Pushing... i = 40
Node 0 - Pushing... i = 41
Node 0 - Pushing... i = 42
Node 0 - Pushing... i = 43
Node 0 - Pushing... i = 44
Node 0 - Pushing... i = 45

Node 0Node 1 - Pushing... i = 259
Node 1 - Pushing... i = 260
Node 1 - Pushing... i = 261
 - Pushing... i = Node 461
Node 0 - Pushing... i = 47
Node 0 - Pushing... i = 48
Node 0 - Pushing... i = 49
Node 0 - Pushing... i = 50
Node 0 - Pushing... i = 51
Node 0 - Pushing... i = 52
Node 0 - Pushing... i = 53 - Pushing... i = 
262Node 0 - Pushing... i = 54
Node 0 - Pushing... i = 55
Node 0 - Pushing... i = 56
Node 0 - Pushing... i = 57
Node 0 - Pushing... i = 58
Node 0 - Pushing... i = 59
Node 0 - Pushing... i = 60
Node 0 - Pushing... i = 61
Node 0 - Pushing... i = 62
Node 0 - Pushing... i = 63
Node 0 - Pushing... i = 64
Node 0 - Pushing... i = 65
Node 0 - Pushing... i = 66
Node 0 - Pushing... i = 67
Node 0 - Pushing... i = 68
Node 0 - Pushing... i = 69

Node 0 - Pushing... i = Node 1 - Pushing... i = 263
Node 1 - Pushing... i = 264
Node 1 - Pushing... i = 265
Node 1 - Pushing... i = 266
Node 1 - Pushing... i = 267
Node 1 - Pushing... i = 268
Node 1 - Pushing... i = 269
Node 1 - Pushing... i = 270
70Node 1 - Pushing... i = 271

Node 1 - Pushing... i = Node 0 - Pushing... i = 71
Node 0 - Pushing... i = 72
Node 0 - Pushing... i = 73
Node 0 - Pushing... i = 74
Node 0 - Pushing... i = 75
Node 0 - Pushing... i = 76
Node 0 - Pushing... i = 77
Node 0 - Pushing... i = 78
272Node 0 - Pushing... i = 79

Node 0 - Pushing... i = 80
Node 0 - Pushing... i = 81
Node 0 - Pushing... i = 82
Node 0 - Pushing... i = 83
Node 0 - Pushing... i = 84
Node 0 - Pushing... i = 85
Node Node 0 - Pushing... i = 86
Node 0 - Pushing... i = 87
Node 0 - Pushing... i = 88
Node 0 - Pushing... i = 89
Node 0 - Pushing... i = 90
Node 0 - Pushing... i = 91
Node 0 - Pushing... i = 92
Node 0 - Pushing... i = 93
Node 0 - Pushing... i = 94
Node 0 - Pushing... i = 95
Node 0 - Pushing... i = 96
Node 0 - Pushing... i = 97
Node 0 - Pushing... i = 98
Node 0 - Pushing... i = 99
Node 0 - Pushing... i = 100
Node 0 - Pushing... i = 1101 - Pushing... i = 
273Node 0 - Pushing... i = 102
Node 0 - Pushing... i = 103
Node 0 - Pushing... i = 104
Node 0 - Pushing... i = 105
Node 0 - Pushing... i = 106
Node 0 - Pushing... i = 107
Node 0 - Pushing... i = 108
Node 0 - Pushing... i = 109
Node 0 - Pushing... i = 110
Node 0
 - Pushing... i = Node 1 - Pushing... i = 274
Node 1 - Pushing... i = 275
Node 1 - Pushing... i = 276
Node 1 - Pushing... i = 277
Node 1 - Pushing... i = 278
Node 1 - Pushing... i = 279
Node 1111
Node 0 - Pushing... i = 112
Node 0 - Pushing... i = 113
Node 0 - Pushing... i = 114
Node 0 - Pushing... i = 115
Node 0 - Pushing... i = 116
 - Pushing... i = Node 2800
 - Pushing... i = Node 1 - Pushing... i = 281
Node 1 - Pushing... i = 282
Node 1 - Pushing... i = 283
Node 1 - Pushing... i = 284
Node 1 - Pushing... i = 285117
Node 0 - Pushing... i = 118
Node 0 - Pushing... i = 119
Node 0 - Pushing... i = 120
Node 0 - Pushing... i = 121
Node 0 - Pushing... i = 122
Node 0 - Pushing... i = 123
Node 0 - Pushing... i = 124
Node 
0Node 1 - Pushing... i = 286
Node 1 - Pushing... i = 287
Node 1 - Pushing... i = 288
 - Pushing... i = Node 1251
Node 0 - Pushing... i = 126
Node 0 - Pushing... i = 127
Node 0 - Pushing... i = 128
Node 0 - Pushing... i = 129
Node 0 - Pushing... i = 130
Node 0 - Pushing... i = 131
Node 0 - Pushing... i = 132
Node 0 - Pushing... i = 133
Node 0 - Pushing... i = 134
Node 0 - Pushing... i = 135
Node 0 - Pushing... i =  - Pushing... i = 136
289Node 0 - Pushing... i = 137
Node 0 - Pushing... i = 138
Node 0 - Pushing... i = 139
Node 0 - Pushing... i = 140
Node 0 - Pushing... i = 141
Node 0 - Pushing... i = 142
Node 
0Node 1 - Pushing... i = 290
Node 1 - Pushing... i = 291
Node 1 - Pushing... i = 292
Node 1 - Pushing... i = 293
Node 1 - Pushing... i = 294
Node 1 - Pushing... i = 295
Node 1 - Pushing... i = 296
Node 1 - Pushing... i =  - Pushing... i = 297143

Node 0 - Pushing... i = 144
Node 0 - Pushing... i = 145
Node 0 - Pushing... i = 146
Node 0 - Pushing... i = 147
Node 0 - Pushing... i = 148
Node 0 - Pushing... i = 149
Node 0 - Pushing... i = 150
Node 0 - Pushing... i = 151
Node 0 - Pushing... i = 152
Node 0 - Pushing... i = 153
Node 0 - Pushing... i = 154
Node 0 - Pushing... i = 155
Node 0 - Pushing... i = 156
Node 0 - Pushing... i = 157
Node 0 - Pushing... i = 158
Node 0Node 1 - Pushing... i = 298
Node 1 - Pushing... i = 299
Node 1 - Pushing... i = 300
Node 1 - Pushing... i = 301
Node 1 - Pushing... i = 302
Node 1 - Pushing... i = 303
Node 1 - Pushing... i = 304
Node 1 - Pushing... i = 305
Node 1 - Pushing... i = 306
Node 1 - Pushing... i = 307
Node 1 - Pushing... i = 308
Node 1 - Pushing... i = 309
Node 1 - Pushing... i = 310
Node 1 - Pushing... i = 311 - Pushing... i = 159
Node 0 - Pushing... i = 160
Node 0 - Pushing... i = 161
Node 0 - Pushing... i = 162
Node 0 - Pushing... i = 163
Node 0 - Pushing... i = 164
Node 0 - Pushing... i = 165
Node 0 - Pushing... i = 166
Node 0 - Pushing... i = 167
Node 0 - Pushing... i = 168
Node 0 - Pushing... i = 169

Node 1 - Pushing... i = 312
Node 1 - Pushing... i = 313
Node 1 - Pushing... i = 314
Node 1 - Pushing... i = Node 315
Node 1 - Pushing... i = 316
Node 1 - Pushing... i = 317
Node 1 - Pushing... i = 318
Node 1 - Pushing... i = 319
0Node 1 - Pushing... i = 320
Node 1 - Pushing... i = 321
Node 1 - Pushing... i = 322
Node 1 - Pushing... i = 323
Node 1 - Pushing... i = 324
 - Pushing... i = Node 1701
 - Pushing... i = Node 0 - Pushing... i = 171
Node 0 - Pushing... i = 172
Node 0 - Pushing... i = 173
Node 0 - Pushing... i = 174
Node 0 - Pushing... i = 175
Node 0 - Pushing... i = 176
Node 0 - Pushing... i = 177
Node 0 - Pushing... i = 178
Node 0 - Pushing... i = 179
Node 0 - Pushing... i = 180325

Node 1 - Pushing... i = 326
Node 1 - Pushing... i = 327
Node 1 - Pushing... i = 328
Node 1 - Pushing... i = 329
Node Node 10 - Pushing... i =  - Pushing... i = 181330

Node 1 - Pushing... i = 331
Node 1 - Pushing... i = 332
Node Node 0 - Pushing... i = 182
Node 0 - Pushing... i = 183
Node 0 - Pushing... i = 184
Node 0 - Pushing... i = 185
Node 0 - Pushing... i = 186
Node 0 - Pushing... i = 187
Node 0 - Pushing... i = 188
1Node  - Pushing... i = 0333 - Pushing... i = 
189Node 1 - Pushing... i = 334
Node 1 - Pushing... i = 335
Node 1 - Pushing... i = 336
Node 1 - Pushing... i = 337
Node 1 - Pushing... i = 338
Node 1 - Pushing... i = 339
Node 1 - Pushing... i = 340
Node 1 - Pushing... i = 341
Node 1 - Pushing... i = 342

Node 1 - Pushing... i = 343
Node 1Node  - Pushing... i = 0344 - Pushing... i = 
190Node 1 - Pushing... i = 345
Node 1 - Pushing... i = 346
Node 1 - Pushing... i = 347
Node 1 - Pushing... i = 
348Node 0 - Pushing... i = 191
Node 0 - Pushing... i = 192
Node 0 - Pushing... i = 193
Node 0 - Pushing... i = 194
Node 0 - Pushing... i = 195
Node 0 - Pushing... i = 196
Node 0 - Pushing... i = 197
Node 0 - Pushing... i = 198
Node 0 - Pushing... i = 199

Node 1 - Pushing... i = 349
Node 1 - Pushing... i = 350
Node 1 - Pushing... i = 351
Node 1 - Pushing... i = 352
Node 1 - Pushing... i = 353
Node 1 - Pushing... i = 354
Node 1 - Pushing... i = 355
Node 1 - Pushing... i = 356
Node 1 - Pushing... i = 357
Node 1 - Pushing... i = 358
Node 1 - Pushing... i = 359
Node 1 - Pushing... i = 360
Node 1 - Pushing... i = 361
Node 1 - Pushing... i = 362
Node 1 - Pushing... i = 363
Node 1 - Pushing... i = 364
Node 1 - Pushing... i = 365
Node 1 - Pushing... i = 366
Node 1 - Pushing... i = 367
Node 1 - Pushing... i = 368
Node 1 - Pushing... i = 369
Node 1 - Pushing... i = 370
Node 1 - Pushing... i = 371
Node 1 - Pushing... i = 372
Node 1 - Pushing... i = 373
Node 1 - Pushing... i = 374
Node 1 - Pushing... i = 375
Node 1 - Pushing... i = 376
Node 1 - Pushing... i = 377
Node 1 - Pushing... i = 378
Node 1 - Pushing... i = 379
Node 1 - Pushing... i = 380
Node 1 - Pushing... i = 381
Node 1 - Pushing... i = 382
Node 1 - Pushing... i = 383
Node 1 - Pushing... i = 384
Node 1 - Pushing... i = 385
Node 1 - Pushing... i = 386
Node 1 - Pushing... i = 387
Node 1 - Pushing... i = 388
Node 1 - Pushing... i = 389
Node 1 - Pushing... i = 390
Node 1 - Pushing... i = 391
Node 1 - Pushing... i = 392
Node 1 - Pushing... i = 393
Node 1 - Pushing... i = 394
Node 1 - Pushing... i = 395
Node 1 - Pushing... i = 396
Node 1 - Pushing... i = 397
Node 1 - Pushing... i = 398
Node 1 - Pushing... i = 399
